24-Jan-2018 16:27:08 [main] ERROR flota.service.utils.MapUtils - getAdreseCoordonate -> com.google.maps.errors.OverQueryLimitException: You have exceeded your daily request quota for this API.
	at com.google.maps.errors.ApiException.from(ApiException.java:48)
	at com.google.maps.GeocodingApi$Response.getError(GeocodingApi.java:84)
	at com.google.maps.internal.OkHttpPendingResult.parseResponse(OkHttpPendingResult.java:236)
	at com.google.maps.internal.OkHttpPendingResult.await(OkHttpPendingResult.java:152)
	at com.google.maps.PendingResultBase.await(PendingResultBase.java:56)
	at flota.service.utils.MapUtils.getAdreseCoordonate(MapUtils.java:279)
	at flota.service.model.ServiceDelegatii.calculeazaKmTeoretici(ServiceDelegatii.java:81)
	at flota.service.model.ServiceDelegatii.calculeazaKmSfarsitLuna(ServiceDelegatii.java:63)
	at flota.service.test.TestClass.main(TestClass.java:23)
 , key = 8
24-Jan-2018 16:27:08 [main] ERROR flota.service.utils.MapUtils - getAdreseCoordonate -> com.google.maps.errors.OverQueryLimitException: You have exceeded your daily request quota for this API.
	at com.google.maps.errors.ApiException.from(ApiException.java:48)
	at com.google.maps.GeocodingApi$Response.getError(GeocodingApi.java:84)
	at com.google.maps.internal.OkHttpPendingResult.parseResponse(OkHttpPendingResult.java:236)
	at com.google.maps.internal.OkHttpPendingResult.await(OkHttpPendingResult.java:152)
	at com.google.maps.PendingResultBase.await(PendingResultBase.java:56)
	at flota.service.utils.MapUtils.getAdreseCoordonate(MapUtils.java:279)
	at flota.service.model.ServiceDelegatii.calculeazaKmTeoretici(ServiceDelegatii.java:81)
	at flota.service.model.ServiceDelegatii.calculeazaKmSfarsitLuna(ServiceDelegatii.java:63)
	at flota.service.test.TestClass.main(TestClass.java:23)
 , key = 8
24-Jan-2018 16:27:09 [main] ERROR flota.service.utils.MapUtils - getAdreseCoordonate -> com.google.maps.errors.OverQueryLimitException: You have exceeded your daily request quota for this API.
	at com.google.maps.errors.ApiException.from(ApiException.java:48)
	at com.google.maps.GeocodingApi$Response.getError(GeocodingApi.java:84)
	at com.google.maps.internal.OkHttpPendingResult.parseResponse(OkHttpPendingResult.java:236)
	at com.google.maps.internal.OkHttpPendingResult.await(OkHttpPendingResult.java:152)
	at com.google.maps.PendingResultBase.await(PendingResultBase.java:56)
	at flota.service.utils.MapUtils.getAdreseCoordonate(MapUtils.java:279)
	at flota.service.model.ServiceDelegatii.calculeazaKmTeoretici(ServiceDelegatii.java:81)
	at flota.service.model.ServiceDelegatii.calculeazaKmSfarsitLuna(ServiceDelegatii.java:63)
	at flota.service.test.TestClass.main(TestClass.java:23)
 , key = 8
24-Jan-2018 16:27:09 [main] ERROR flota.service.utils.MapUtils - getAdreseCoordonate -> com.google.maps.errors.OverQueryLimitException: You have exceeded your daily request quota for this API.
	at com.google.maps.errors.ApiException.from(ApiException.java:48)
	at com.google.maps.GeocodingApi$Response.getError(GeocodingApi.java:84)
	at com.google.maps.internal.OkHttpPendingResult.parseResponse(OkHttpPendingResult.java:236)
	at com.google.maps.internal.OkHttpPendingResult.await(OkHttpPendingResult.java:152)
	at com.google.maps.PendingResultBase.await(PendingResultBase.java:56)
	at flota.service.utils.MapUtils.getAdreseCoordonate(MapUtils.java:279)
	at flota.service.model.ServiceDelegatii.calculeazaKmTeoretici(ServiceDelegatii.java:81)
	at flota.service.model.ServiceDelegatii.calculeazaKmSfarsitLuna(ServiceDelegatii.java:63)
	at flota.service.test.TestClass.main(TestClass.java:23)
 , key = 8
24-Jan-2018 16:27:10 [main] ERROR flota.service.utils.MapUtils - getAdreseCoordonate -> com.google.maps.errors.OverQueryLimitException: You have exceeded your daily request quota for this API.
	at com.google.maps.errors.ApiException.from(ApiException.java:48)
	at com.google.maps.GeocodingApi$Response.getError(GeocodingApi.java:84)
	at com.google.maps.internal.OkHttpPendingResult.parseResponse(OkHttpPendingResult.java:236)
	at com.google.maps.internal.OkHttpPendingResult.await(OkHttpPendingResult.java:152)
	at com.google.maps.PendingResultBase.await(PendingResultBase.java:56)
	at flota.service.utils.MapUtils.getAdreseCoordonate(MapUtils.java:279)
	at flota.service.model.ServiceDelegatii.calculeazaKmTeoretici(ServiceDelegatii.java:81)
	at flota.service.model.ServiceDelegatii.calculeazaKmSfarsitLuna(ServiceDelegatii.java:63)
	at flota.service.test.TestClass.main(TestClass.java:23)
 , key = 8
24-Jan-2018 16:27:10 [main] ERROR flota.service.utils.MapUtils - getAdreseCoordonate -> com.google.maps.errors.OverQueryLimitException: You have exceeded your daily request quota for this API.
	at com.google.maps.errors.ApiException.from(ApiException.java:48)
	at com.google.maps.GeocodingApi$Response.getError(GeocodingApi.java:84)
	at com.google.maps.internal.OkHttpPendingResult.parseResponse(OkHttpPendingResult.java:236)
	at com.google.maps.internal.OkHttpPendingResult.await(OkHttpPendingResult.java:152)
	at com.google.maps.PendingResultBase.await(PendingResultBase.java:56)
	at flota.service.utils.MapUtils.getAdreseCoordonate(MapUtils.java:279)
	at flota.service.model.ServiceDelegatii.calculeazaKmTeoretici(ServiceDelegatii.java:81)
	at flota.service.model.ServiceDelegatii.calculeazaKmSfarsitLuna(ServiceDelegatii.java:63)
	at flota.service.test.TestClass.main(TestClass.java:23)
 , key = 8
24-Jan-2018 16:27:11 [main] ERROR flota.service.utils.MapUtils - getAdreseCoordonate -> com.google.maps.errors.OverQueryLimitException: You have exceeded your daily request quota for this API.
	at com.google.maps.errors.ApiException.from(ApiException.java:48)
	at com.google.maps.GeocodingApi$Response.getError(GeocodingApi.java:84)
	at com.google.maps.internal.OkHttpPendingResult.parseResponse(OkHttpPendingResult.java:236)
	at com.google.maps.internal.OkHttpPendingResult.await(OkHttpPendingResult.java:152)
	at com.google.maps.PendingResultBase.await(PendingResultBase.java:56)
	at flota.service.utils.MapUtils.getAdreseCoordonate(MapUtils.java:279)
	at flota.service.model.ServiceDelegatii.calculeazaKmTeoretici(ServiceDelegatii.java:81)
	at flota.service.model.ServiceDelegatii.calculeazaKmSfarsitLuna(ServiceDelegatii.java:63)
	at flota.service.test.TestClass.main(TestClass.java:23)
 , key = 8
24-Jan-2018 16:27:11 [main] ERROR flota.service.utils.MapUtils - getAdreseCoordonate -> com.google.maps.errors.OverQueryLimitException: You have exceeded your daily request quota for this API.
	at com.google.maps.errors.ApiException.from(ApiException.java:48)
	at com.google.maps.GeocodingApi$Response.getError(GeocodingApi.java:84)
	at com.google.maps.internal.OkHttpPendingResult.parseResponse(OkHttpPendingResult.java:236)
	at com.google.maps.internal.OkHttpPendingResult.await(OkHttpPendingResult.java:152)
	at com.google.maps.PendingResultBase.await(PendingResultBase.java:56)
	at flota.service.utils.MapUtils.getAdreseCoordonate(MapUtils.java:279)
	at flota.service.model.ServiceDelegatii.calculeazaKmTeoretici(ServiceDelegatii.java:81)
	at flota.service.model.ServiceDelegatii.calculeazaKmSfarsitLuna(ServiceDelegatii.java:63)
	at flota.service.test.TestClass.main(TestClass.java:23)
 , key = 8
24-Jan-2018 16:27:16 [main] ERROR flota.service.utils.MapUtils - getAdreseCoordonate -> com.google.maps.errors.OverQueryLimitException: You have exceeded your daily request quota for this API.
	at com.google.maps.errors.ApiException.from(ApiException.java:48)
	at com.google.maps.GeocodingApi$Response.getError(GeocodingApi.java:84)
	at com.google.maps.internal.OkHttpPendingResult.parseResponse(OkHttpPendingResult.java:236)
	at com.google.maps.internal.OkHttpPendingResult.await(OkHttpPendingResult.java:152)
	at com.google.maps.PendingResultBase.await(PendingResultBase.java:56)
	at flota.service.utils.MapUtils.getAdreseCoordonate(MapUtils.java:279)
	at flota.service.model.ServiceDelegatii.calculeazaKmTeoretici(ServiceDelegatii.java:81)
	at flota.service.model.ServiceDelegatii.calculeazaKmSfarsitLuna(ServiceDelegatii.java:63)
	at flota.service.test.TestClass.main(TestClass.java:23)
 , key = 10
24-Jan-2018 16:27:16 [main] ERROR flota.service.utils.MapUtils - getAdreseCoordonate -> com.google.maps.errors.OverQueryLimitException: You have exceeded your daily request quota for this API.
	at com.google.maps.errors.ApiException.from(ApiException.java:48)
	at com.google.maps.GeocodingApi$Response.getError(GeocodingApi.java:84)
	at com.google.maps.internal.OkHttpPendingResult.parseResponse(OkHttpPendingResult.java:236)
	at com.google.maps.internal.OkHttpPendingResult.await(OkHttpPendingResult.java:152)
	at com.google.maps.PendingResultBase.await(PendingResultBase.java:56)
	at flota.service.utils.MapUtils.getAdreseCoordonate(MapUtils.java:279)
	at flota.service.model.ServiceDelegatii.calculeazaKmTeoretici(ServiceDelegatii.java:81)
	at flota.service.model.ServiceDelegatii.calculeazaKmSfarsitLuna(ServiceDelegatii.java:63)
	at flota.service.test.TestClass.main(TestClass.java:23)
 , key = 10
24-Jan-2018 16:27:17 [main] ERROR flota.service.utils.MapUtils - getAdreseCoordonate -> com.google.maps.errors.OverQueryLimitException: You have exceeded your daily request quota for this API.
	at com.google.maps.errors.ApiException.from(ApiException.java:48)
	at com.google.maps.GeocodingApi$Response.getError(GeocodingApi.java:84)
	at com.google.maps.internal.OkHttpPendingResult.parseResponse(OkHttpPendingResult.java:236)
	at com.google.maps.internal.OkHttpPendingResult.await(OkHttpPendingResult.java:152)
	at com.google.maps.PendingResultBase.await(PendingResultBase.java:56)
	at flota.service.utils.MapUtils.getAdreseCoordonate(MapUtils.java:279)
	at flota.service.model.ServiceDelegatii.calculeazaKmTeoretici(ServiceDelegatii.java:81)
	at flota.service.model.ServiceDelegatii.calculeazaKmSfarsitLuna(ServiceDelegatii.java:63)
	at flota.service.test.TestClass.main(TestClass.java:23)
 , key = 10
24-Jan-2018 16:27:17 [main] ERROR flota.service.utils.MapUtils - getAdreseCoordonate -> com.google.maps.errors.OverQueryLimitException: You have exceeded your daily request quota for this API.
	at com.google.maps.errors.ApiException.from(ApiException.java:48)
	at com.google.maps.GeocodingApi$Response.getError(GeocodingApi.java:84)
	at com.google.maps.internal.OkHttpPendingResult.parseResponse(OkHttpPendingResult.java:236)
	at com.google.maps.internal.OkHttpPendingResult.await(OkHttpPendingResult.java:152)
	at com.google.maps.PendingResultBase.await(PendingResultBase.java:56)
	at flota.service.utils.MapUtils.getAdreseCoordonate(MapUtils.java:279)
	at flota.service.model.ServiceDelegatii.calculeazaKmTeoretici(ServiceDelegatii.java:81)
	at flota.service.model.ServiceDelegatii.calculeazaKmSfarsitLuna(ServiceDelegatii.java:63)
	at flota.service.test.TestClass.main(TestClass.java:23)
 , key = 10
24-Jan-2018 16:27:17 [main] ERROR flota.service.utils.MapUtils - getAdreseCoordonate -> com.google.maps.errors.OverQueryLimitException: You have exceeded your daily request quota for this API.
	at com.google.maps.errors.ApiException.from(ApiException.java:48)
	at com.google.maps.GeocodingApi$Response.getError(GeocodingApi.java:84)
	at com.google.maps.internal.OkHttpPendingResult.parseResponse(OkHttpPendingResult.java:236)
	at com.google.maps.internal.OkHttpPendingResult.await(OkHttpPendingResult.java:152)
	at com.google.maps.PendingResultBase.await(PendingResultBase.java:56)
	at flota.service.utils.MapUtils.getAdreseCoordonate(MapUtils.java:279)
	at flota.service.model.ServiceDelegatii.calculeazaKmTeoretici(ServiceDelegatii.java:81)
	at flota.service.model.ServiceDelegatii.calculeazaKmSfarsitLuna(ServiceDelegatii.java:63)
	at flota.service.test.TestClass.main(TestClass.java:23)
 , key = 10
24-Jan-2018 16:27:18 [main] ERROR flota.service.utils.MapUtils - getAdreseCoordonate -> com.google.maps.errors.OverQueryLimitException: You have exceeded your daily request quota for this API.
	at com.google.maps.errors.ApiException.from(ApiException.java:48)
	at com.google.maps.GeocodingApi$Response.getError(GeocodingApi.java:84)
	at com.google.maps.internal.OkHttpPendingResult.parseResponse(OkHttpPendingResult.java:236)
	at com.google.maps.internal.OkHttpPendingResult.await(OkHttpPendingResult.java:152)
	at com.google.maps.PendingResultBase.await(PendingResultBase.java:56)
	at flota.service.utils.MapUtils.getAdreseCoordonate(MapUtils.java:279)
	at flota.service.model.ServiceDelegatii.calculeazaKmTeoretici(ServiceDelegatii.java:81)
	at flota.service.model.ServiceDelegatii.calculeazaKmSfarsitLuna(ServiceDelegatii.java:63)
	at flota.service.test.TestClass.main(TestClass.java:23)
 , key = 10
24-Jan-2018 16:27:18 [main] ERROR flota.service.utils.MapUtils - getAdreseCoordonate -> com.google.maps.errors.OverQueryLimitException: You have exceeded your daily request quota for this API.
	at com.google.maps.errors.ApiException.from(ApiException.java:48)
	at com.google.maps.GeocodingApi$Response.getError(GeocodingApi.java:84)
	at com.google.maps.internal.OkHttpPendingResult.parseResponse(OkHttpPendingResult.java:236)
	at com.google.maps.internal.OkHttpPendingResult.await(OkHttpPendingResult.java:152)
	at com.google.maps.PendingResultBase.await(PendingResultBase.java:56)
	at flota.service.utils.MapUtils.getAdreseCoordonate(MapUtils.java:279)
	at flota.service.model.ServiceDelegatii.calculeazaKmTeoretici(ServiceDelegatii.java:81)
	at flota.service.model.ServiceDelegatii.calculeazaKmSfarsitLuna(ServiceDelegatii.java:63)
	at flota.service.test.TestClass.main(TestClass.java:23)
 , key = 10
24-Jan-2018 16:27:23 [main] ERROR flota.service.utils.MapUtils - getAdreseCoordonate -> com.google.maps.errors.OverQueryLimitException: You have exceeded your daily request quota for this API.
	at com.google.maps.errors.ApiException.from(ApiException.java:48)
	at com.google.maps.GeocodingApi$Response.getError(GeocodingApi.java:84)
	at com.google.maps.internal.OkHttpPendingResult.parseResponse(OkHttpPendingResult.java:236)
	at com.google.maps.internal.OkHttpPendingResult.await(OkHttpPendingResult.java:152)
	at com.google.maps.PendingResultBase.await(PendingResultBase.java:56)
	at flota.service.utils.MapUtils.getAdreseCoordonate(MapUtils.java:279)
	at flota.service.model.ServiceDelegatii.calculeazaKmTeoretici(ServiceDelegatii.java:81)
	at flota.service.model.ServiceDelegatii.calculeazaKmSfarsitLuna(ServiceDelegatii.java:63)
	at flota.service.test.TestClass.main(TestClass.java:23)
 , key = 21
24-Jan-2018 16:27:23 [main] ERROR flota.service.utils.MapUtils - getAdreseCoordonate -> com.google.maps.errors.OverQueryLimitException: You have exceeded your daily request quota for this API.
	at com.google.maps.errors.ApiException.from(ApiException.java:48)
	at com.google.maps.GeocodingApi$Response.getError(GeocodingApi.java:84)
	at com.google.maps.internal.OkHttpPendingResult.parseResponse(OkHttpPendingResult.java:236)
	at com.google.maps.internal.OkHttpPendingResult.await(OkHttpPendingResult.java:152)
	at com.google.maps.PendingResultBase.await(PendingResultBase.java:56)
	at flota.service.utils.MapUtils.getAdreseCoordonate(MapUtils.java:279)
	at flota.service.model.ServiceDelegatii.calculeazaKmTeoretici(ServiceDelegatii.java:81)
	at flota.service.model.ServiceDelegatii.calculeazaKmSfarsitLuna(ServiceDelegatii.java:63)
	at flota.service.test.TestClass.main(TestClass.java:23)
 , key = 21
24-Jan-2018 16:27:23 [main] ERROR flota.service.utils.MapUtils - getAdreseCoordonate -> com.google.maps.errors.OverQueryLimitException: You have exceeded your daily request quota for this API.
	at com.google.maps.errors.ApiException.from(ApiException.java:48)
	at com.google.maps.GeocodingApi$Response.getError(GeocodingApi.java:84)
	at com.google.maps.internal.OkHttpPendingResult.parseResponse(OkHttpPendingResult.java:236)
	at com.google.maps.internal.OkHttpPendingResult.await(OkHttpPendingResult.java:152)
	at com.google.maps.PendingResultBase.await(PendingResultBase.java:56)
	at flota.service.utils.MapUtils.getAdreseCoordonate(MapUtils.java:279)
	at flota.service.model.ServiceDelegatii.calculeazaKmTeoretici(ServiceDelegatii.java:81)
	at flota.service.model.ServiceDelegatii.calculeazaKmSfarsitLuna(ServiceDelegatii.java:63)
	at flota.service.test.TestClass.main(TestClass.java:23)
 , key = 21
24-Jan-2018 16:27:24 [main] ERROR flota.service.utils.MapUtils - getAdreseCoordonate -> com.google.maps.errors.OverQueryLimitException: You have exceeded your daily request quota for this API.
	at com.google.maps.errors.ApiException.from(ApiException.java:48)
	at com.google.maps.GeocodingApi$Response.getError(GeocodingApi.java:84)
	at com.google.maps.internal.OkHttpPendingResult.parseResponse(OkHttpPendingResult.java:236)
	at com.google.maps.internal.OkHttpPendingResult.await(OkHttpPendingResult.java:152)
	at com.google.maps.PendingResultBase.await(PendingResultBase.java:56)
	at flota.service.utils.MapUtils.getAdreseCoordonate(MapUtils.java:279)
	at flota.service.model.ServiceDelegatii.calculeazaKmTeoretici(ServiceDelegatii.java:81)
	at flota.service.model.ServiceDelegatii.calculeazaKmSfarsitLuna(ServiceDelegatii.java:63)
	at flota.service.test.TestClass.main(TestClass.java:23)
 , key = 21
24-Jan-2018 16:27:24 [main] ERROR flota.service.utils.MapUtils - getAdreseCoordonate -> com.google.maps.errors.OverQueryLimitException: You have exceeded your daily request quota for this API.
	at com.google.maps.errors.ApiException.from(ApiException.java:48)
	at com.google.maps.GeocodingApi$Response.getError(GeocodingApi.java:84)
	at com.google.maps.internal.OkHttpPendingResult.parseResponse(OkHttpPendingResult.java:236)
	at com.google.maps.internal.OkHttpPendingResult.await(OkHttpPendingResult.java:152)
	at com.google.maps.PendingResultBase.await(PendingResultBase.java:56)
	at flota.service.utils.MapUtils.getAdreseCoordonate(MapUtils.java:279)
	at flota.service.model.ServiceDelegatii.calculeazaKmTeoretici(ServiceDelegatii.java:81)
	at flota.service.model.ServiceDelegatii.calculeazaKmSfarsitLuna(ServiceDelegatii.java:63)
	at flota.service.test.TestClass.main(TestClass.java:23)
 , key = 21
24-Jan-2018 16:27:29 [main] ERROR flota.service.utils.MapUtils - getAdreseCoordonate -> com.google.maps.errors.OverQueryLimitException: You have exceeded your daily request quota for this API.
	at com.google.maps.errors.ApiException.from(ApiException.java:48)
	at com.google.maps.GeocodingApi$Response.getError(GeocodingApi.java:84)
	at com.google.maps.internal.OkHttpPendingResult.parseResponse(OkHttpPendingResult.java:236)
	at com.google.maps.internal.OkHttpPendingResult.await(OkHttpPendingResult.java:152)
	at com.google.maps.PendingResultBase.await(PendingResultBase.java:56)
	at flota.service.utils.MapUtils.getAdreseCoordonate(MapUtils.java:279)
	at flota.service.model.ServiceDelegatii.calculeazaKmTeoretici(ServiceDelegatii.java:81)
	at flota.service.model.ServiceDelegatii.calculeazaKmSfarsitLuna(ServiceDelegatii.java:63)
	at flota.service.test.TestClass.main(TestClass.java:23)
 , key = 20
24-Jan-2018 16:27:30 [main] ERROR flota.service.utils.MapUtils - getAdreseCoordonate -> com.google.maps.errors.OverQueryLimitException: You have exceeded your daily request quota for this API.
	at com.google.maps.errors.ApiException.from(ApiException.java:48)
	at com.google.maps.GeocodingApi$Response.getError(GeocodingApi.java:84)
	at com.google.maps.internal.OkHttpPendingResult.parseResponse(OkHttpPendingResult.java:236)
	at com.google.maps.internal.OkHttpPendingResult.await(OkHttpPendingResult.java:152)
	at com.google.maps.PendingResultBase.await(PendingResultBase.java:56)
	at flota.service.utils.MapUtils.getAdreseCoordonate(MapUtils.java:279)
	at flota.service.model.ServiceDelegatii.calculeazaKmTeoretici(ServiceDelegatii.java:81)
	at flota.service.model.ServiceDelegatii.calculeazaKmSfarsitLuna(ServiceDelegatii.java:63)
	at flota.service.test.TestClass.main(TestClass.java:23)
 , key = 20
24-Jan-2018 16:27:30 [main] ERROR flota.service.utils.MapUtils - getAdreseCoordonate -> com.google.maps.errors.OverQueryLimitException: You have exceeded your daily request quota for this API.
	at com.google.maps.errors.ApiException.from(ApiException.java:48)
	at com.google.maps.GeocodingApi$Response.getError(GeocodingApi.java:84)
	at com.google.maps.internal.OkHttpPendingResult.parseResponse(OkHttpPendingResult.java:236)
	at com.google.maps.internal.OkHttpPendingResult.await(OkHttpPendingResult.java:152)
	at com.google.maps.PendingResultBase.await(PendingResultBase.java:56)
	at flota.service.utils.MapUtils.getAdreseCoordonate(MapUtils.java:279)
	at flota.service.model.ServiceDelegatii.calculeazaKmTeoretici(ServiceDelegatii.java:81)
	at flota.service.model.ServiceDelegatii.calculeazaKmSfarsitLuna(ServiceDelegatii.java:63)
	at flota.service.test.TestClass.main(TestClass.java:23)
 , key = 20
24-Jan-2018 16:27:30 [main] ERROR flota.service.utils.MapUtils - getAdreseCoordonate -> com.google.maps.errors.OverQueryLimitException: You have exceeded your daily request quota for this API.
	at com.google.maps.errors.ApiException.from(ApiException.java:48)
	at com.google.maps.GeocodingApi$Response.getError(GeocodingApi.java:84)
	at com.google.maps.internal.OkHttpPendingResult.parseResponse(OkHttpPendingResult.java:236)
	at com.google.maps.internal.OkHttpPendingResult.await(OkHttpPendingResult.java:152)
	at com.google.maps.PendingResultBase.await(PendingResultBase.java:56)
	at flota.service.utils.MapUtils.getAdreseCoordonate(MapUtils.java:279)
	at flota.service.model.ServiceDelegatii.calculeazaKmTeoretici(ServiceDelegatii.java:81)
	at flota.service.model.ServiceDelegatii.calculeazaKmSfarsitLuna(ServiceDelegatii.java:63)
	at flota.service.test.TestClass.main(TestClass.java:23)
 , key = 20
24-Jan-2018 16:27:31 [main] ERROR flota.service.utils.MapUtils - getAdreseCoordonate -> com.google.maps.errors.OverQueryLimitException: You have exceeded your daily request quota for this API.
	at com.google.maps.errors.ApiException.from(ApiException.java:48)
	at com.google.maps.GeocodingApi$Response.getError(GeocodingApi.java:84)
	at com.google.maps.internal.OkHttpPendingResult.parseResponse(OkHttpPendingResult.java:236)
	at com.google.maps.internal.OkHttpPendingResult.await(OkHttpPendingResult.java:152)
	at com.google.maps.PendingResultBase.await(PendingResultBase.java:56)
	at flota.service.utils.MapUtils.getAdreseCoordonate(MapUtils.java:279)
	at flota.service.model.ServiceDelegatii.calculeazaKmTeoretici(ServiceDelegatii.java:81)
	at flota.service.model.ServiceDelegatii.calculeazaKmSfarsitLuna(ServiceDelegatii.java:63)
	at flota.service.test.TestClass.main(TestClass.java:23)
 , key = 20
24-Jan-2018 16:27:37 [main] ERROR flota.service.utils.MapUtils - getAdreseCoordonate -> com.google.maps.errors.OverQueryLimitException: You have exceeded your daily request quota for this API.
	at com.google.maps.errors.ApiException.from(ApiException.java:48)
	at com.google.maps.GeocodingApi$Response.getError(GeocodingApi.java:84)
	at com.google.maps.internal.OkHttpPendingResult.parseResponse(OkHttpPendingResult.java:236)
	at com.google.maps.internal.OkHttpPendingResult.await(OkHttpPendingResult.java:152)
	at com.google.maps.PendingResultBase.await(PendingResultBase.java:56)
	at flota.service.utils.MapUtils.getAdreseCoordonate(MapUtils.java:279)
	at flota.service.model.ServiceDelegatii.calculeazaKmTeoretici(ServiceDelegatii.java:81)
	at flota.service.model.ServiceDelegatii.calculeazaKmSfarsitLuna(ServiceDelegatii.java:63)
	at flota.service.test.TestClass.main(TestClass.java:23)
 , key = 30
24-Jan-2018 16:27:38 [main] ERROR flota.service.utils.MapUtils - getAdreseCoordonate -> com.google.maps.errors.OverQueryLimitException: You have exceeded your daily request quota for this API.
	at com.google.maps.errors.ApiException.from(ApiException.java:48)
	at com.google.maps.GeocodingApi$Response.getError(GeocodingApi.java:84)
	at com.google.maps.internal.OkHttpPendingResult.parseResponse(OkHttpPendingResult.java:236)
	at com.google.maps.internal.OkHttpPendingResult.await(OkHttpPendingResult.java:152)
	at com.google.maps.PendingResultBase.await(PendingResultBase.java:56)
	at flota.service.utils.MapUtils.getAdreseCoordonate(MapUtils.java:279)
	at flota.service.model.ServiceDelegatii.calculeazaKmTeoretici(ServiceDelegatii.java:81)
	at flota.service.model.ServiceDelegatii.calculeazaKmSfarsitLuna(ServiceDelegatii.java:63)
	at flota.service.test.TestClass.main(TestClass.java:23)
 , key = 30
24-Jan-2018 16:27:38 [main] ERROR flota.service.utils.MapUtils - getAdreseCoordonate -> com.google.maps.errors.OverQueryLimitException: You have exceeded your daily request quota for this API.
	at com.google.maps.errors.ApiException.from(ApiException.java:48)
	at com.google.maps.GeocodingApi$Response.getError(GeocodingApi.java:84)
	at com.google.maps.internal.OkHttpPendingResult.parseResponse(OkHttpPendingResult.java:236)
	at com.google.maps.internal.OkHttpPendingResult.await(OkHttpPendingResult.java:152)
	at com.google.maps.PendingResultBase.await(PendingResultBase.java:56)
	at flota.service.utils.MapUtils.getAdreseCoordonate(MapUtils.java:279)
	at flota.service.model.ServiceDelegatii.calculeazaKmTeoretici(ServiceDelegatii.java:81)
	at flota.service.model.ServiceDelegatii.calculeazaKmSfarsitLuna(ServiceDelegatii.java:63)
	at flota.service.test.TestClass.main(TestClass.java:23)
 , key = 30
24-Jan-2018 16:27:38 [main] ERROR flota.service.utils.MapUtils - getAdreseCoordonate -> com.google.maps.errors.OverQueryLimitException: You have exceeded your daily request quota for this API.
	at com.google.maps.errors.ApiException.from(ApiException.java:48)
	at com.google.maps.GeocodingApi$Response.getError(GeocodingApi.java:84)
	at com.google.maps.internal.OkHttpPendingResult.parseResponse(OkHttpPendingResult.java:236)
	at com.google.maps.internal.OkHttpPendingResult.await(OkHttpPendingResult.java:152)
	at com.google.maps.PendingResultBase.await(PendingResultBase.java:56)
	at flota.service.utils.MapUtils.getAdreseCoordonate(MapUtils.java:279)
	at flota.service.model.ServiceDelegatii.calculeazaKmTeoretici(ServiceDelegatii.java:81)
	at flota.service.model.ServiceDelegatii.calculeazaKmSfarsitLuna(ServiceDelegatii.java:63)
	at flota.service.test.TestClass.main(TestClass.java:23)
 , key = 30
24-Jan-2018 16:27:39 [main] ERROR flota.service.utils.MapUtils - getAdreseCoordonate -> com.google.maps.errors.OverQueryLimitException: You have exceeded your daily request quota for this API.
	at com.google.maps.errors.ApiException.from(ApiException.java:48)
	at com.google.maps.GeocodingApi$Response.getError(GeocodingApi.java:84)
	at com.google.maps.internal.OkHttpPendingResult.parseResponse(OkHttpPendingResult.java:236)
	at com.google.maps.internal.OkHttpPendingResult.await(OkHttpPendingResult.java:152)
	at com.google.maps.PendingResultBase.await(PendingResultBase.java:56)
	at flota.service.utils.MapUtils.getAdreseCoordonate(MapUtils.java:279)
	at flota.service.model.ServiceDelegatii.calculeazaKmTeoretici(ServiceDelegatii.java:81)
	at flota.service.model.ServiceDelegatii.calculeazaKmSfarsitLuna(ServiceDelegatii.java:63)
	at flota.service.test.TestClass.main(TestClass.java:23)
 , key = 30
24-Jan-2018 16:27:39 [main] ERROR flota.service.utils.MapUtils - getAdreseCoordonate -> com.google.maps.errors.OverQueryLimitException: You have exceeded your daily request quota for this API.
	at com.google.maps.errors.ApiException.from(ApiException.java:48)
	at com.google.maps.GeocodingApi$Response.getError(GeocodingApi.java:84)
	at com.google.maps.internal.OkHttpPendingResult.parseResponse(OkHttpPendingResult.java:236)
	at com.google.maps.internal.OkHttpPendingResult.await(OkHttpPendingResult.java:152)
	at com.google.maps.PendingResultBase.await(PendingResultBase.java:56)
	at flota.service.utils.MapUtils.getAdreseCoordonate(MapUtils.java:279)
	at flota.service.model.ServiceDelegatii.calculeazaKmTeoretici(ServiceDelegatii.java:81)
	at flota.service.model.ServiceDelegatii.calculeazaKmSfarsitLuna(ServiceDelegatii.java:63)
	at flota.service.test.TestClass.main(TestClass.java:23)
 , key = 30
24-Jan-2018 16:27:47 [main] ERROR flota.service.utils.MapUtils - getAdreseCoordonate -> com.google.maps.errors.OverQueryLimitException: You have exceeded your daily request quota for this API.
	at com.google.maps.errors.ApiException.from(ApiException.java:48)
	at com.google.maps.GeocodingApi$Response.getError(GeocodingApi.java:84)
	at com.google.maps.internal.OkHttpPendingResult.parseResponse(OkHttpPendingResult.java:236)
	at com.google.maps.internal.OkHttpPendingResult.await(OkHttpPendingResult.java:152)
	at com.google.maps.PendingResultBase.await(PendingResultBase.java:56)
	at flota.service.utils.MapUtils.getAdreseCoordonate(MapUtils.java:279)
	at flota.service.model.ServiceDelegatii.calculeazaKmTeoretici(ServiceDelegatii.java:81)
	at flota.service.model.ServiceDelegatii.calculeazaKmSfarsitLuna(ServiceDelegatii.java:63)
	at flota.service.test.TestClass.main(TestClass.java:23)
 , key = 7
24-Jan-2018 16:27:47 [main] ERROR flota.service.utils.MapUtils - getAdreseCoordonate -> com.google.maps.errors.OverQueryLimitException: You have exceeded your daily request quota for this API.
	at com.google.maps.errors.ApiException.from(ApiException.java:48)
	at com.google.maps.GeocodingApi$Response.getError(GeocodingApi.java:84)
	at com.google.maps.internal.OkHttpPendingResult.parseResponse(OkHttpPendingResult.java:236)
	at com.google.maps.internal.OkHttpPendingResult.await(OkHttpPendingResult.java:152)
	at com.google.maps.PendingResultBase.await(PendingResultBase.java:56)
	at flota.service.utils.MapUtils.getAdreseCoordonate(MapUtils.java:279)
	at flota.service.model.ServiceDelegatii.calculeazaKmTeoretici(ServiceDelegatii.java:81)
	at flota.service.model.ServiceDelegatii.calculeazaKmSfarsitLuna(ServiceDelegatii.java:63)
	at flota.service.test.TestClass.main(TestClass.java:23)
 , key = 7
24-Jan-2018 16:27:48 [main] ERROR flota.service.utils.MapUtils - getAdreseCoordonate -> com.google.maps.errors.OverQueryLimitException: You have exceeded your daily request quota for this API.
	at com.google.maps.errors.ApiException.from(ApiException.java:48)
	at com.google.maps.GeocodingApi$Response.getError(GeocodingApi.java:84)
	at com.google.maps.internal.OkHttpPendingResult.parseResponse(OkHttpPendingResult.java:236)
	at com.google.maps.internal.OkHttpPendingResult.await(OkHttpPendingResult.java:152)
	at com.google.maps.PendingResultBase.await(PendingResultBase.java:56)
	at flota.service.utils.MapUtils.getAdreseCoordonate(MapUtils.java:279)
	at flota.service.model.ServiceDelegatii.calculeazaKmTeoretici(ServiceDelegatii.java:81)
	at flota.service.model.ServiceDelegatii.calculeazaKmSfarsitLuna(ServiceDelegatii.java:63)
	at flota.service.test.TestClass.main(TestClass.java:23)
 , key = 7
24-Jan-2018 16:27:48 [main] ERROR flota.service.utils.MapUtils - getAdreseCoordonate -> com.google.maps.errors.OverQueryLimitException: You have exceeded your daily request quota for this API.
	at com.google.maps.errors.ApiException.from(ApiException.java:48)
	at com.google.maps.GeocodingApi$Response.getError(GeocodingApi.java:84)
	at com.google.maps.internal.OkHttpPendingResult.parseResponse(OkHttpPendingResult.java:236)
	at com.google.maps.internal.OkHttpPendingResult.await(OkHttpPendingResult.java:152)
	at com.google.maps.PendingResultBase.await(PendingResultBase.java:56)
	at flota.service.utils.MapUtils.getAdreseCoordonate(MapUtils.java:279)
	at flota.service.model.ServiceDelegatii.calculeazaKmTeoretici(ServiceDelegatii.java:81)
	at flota.service.model.ServiceDelegatii.calculeazaKmSfarsitLuna(ServiceDelegatii.java:63)
	at flota.service.test.TestClass.main(TestClass.java:23)
 , key = 7
24-Jan-2018 16:27:48 [main] ERROR flota.service.utils.MapUtils - getAdreseCoordonate -> com.google.maps.errors.OverQueryLimitException: You have exceeded your daily request quota for this API.
	at com.google.maps.errors.ApiException.from(ApiException.java:48)
	at com.google.maps.GeocodingApi$Response.getError(GeocodingApi.java:84)
	at com.google.maps.internal.OkHttpPendingResult.parseResponse(OkHttpPendingResult.java:236)
	at com.google.maps.internal.OkHttpPendingResult.await(OkHttpPendingResult.java:152)
	at com.google.maps.PendingResultBase.await(PendingResultBase.java:56)
	at flota.service.utils.MapUtils.getAdreseCoordonate(MapUtils.java:279)
	at flota.service.model.ServiceDelegatii.calculeazaKmTeoretici(ServiceDelegatii.java:81)
	at flota.service.model.ServiceDelegatii.calculeazaKmSfarsitLuna(ServiceDelegatii.java:63)
	at flota.service.test.TestClass.main(TestClass.java:23)
 , key = 7
24-Jan-2018 16:27:49 [main] ERROR flota.service.utils.MapUtils - getAdreseCoordonate -> com.google.maps.errors.OverQueryLimitException: You have exceeded your daily request quota for this API.
	at com.google.maps.errors.ApiException.from(ApiException.java:48)
	at com.google.maps.GeocodingApi$Response.getError(GeocodingApi.java:84)
	at com.google.maps.internal.OkHttpPendingResult.parseResponse(OkHttpPendingResult.java:236)
	at com.google.maps.internal.OkHttpPendingResult.await(OkHttpPendingResult.java:152)
	at com.google.maps.PendingResultBase.await(PendingResultBase.java:56)
	at flota.service.utils.MapUtils.getAdreseCoordonate(MapUtils.java:279)
	at flota.service.model.ServiceDelegatii.calculeazaKmTeoretici(ServiceDelegatii.java:81)
	at flota.service.model.ServiceDelegatii.calculeazaKmSfarsitLuna(ServiceDelegatii.java:63)
	at flota.service.test.TestClass.main(TestClass.java:23)
 , key = 7
24-Jan-2018 16:28:32 [main] ERROR flota.service.utils.MapUtils - getDistantaTraseuCoordonate -> com.google.maps.errors.UnknownErrorException: An unexpected error occurred. Status: MAX_WAYPOINTS_EXCEEDED, Message: Too many waypoints in the request (29). The maximum allowed waypoints for this request is 23, plus the origin, and destination.
	at com.google.maps.errors.ApiException.from(ApiException.java:70)
	at com.google.maps.DirectionsApi$Response.getError(DirectionsApi.java:69)
	at com.google.maps.internal.OkHttpPendingResult.parseResponse(OkHttpPendingResult.java:236)
	at com.google.maps.internal.OkHttpPendingResult.await(OkHttpPendingResult.java:152)
	at com.google.maps.PendingResultBase.await(PendingResultBase.java:56)
	at flota.service.utils.MapUtils.getDistantaTraseuCoordonate(MapUtils.java:238)
	at flota.service.model.ServiceDelegatii.calculeazaKmTeoretici(ServiceDelegatii.java:84)
	at flota.service.model.ServiceDelegatii.calculeazaKmSfarsitLuna(ServiceDelegatii.java:63)
	at flota.service.test.TestClass.main(TestClass.java:23)

24-Jan-2018 16:30:51 [main] ERROR flota.service.utils.MapUtils - getDistantaTraseuCoordonate -> com.google.maps.errors.UnknownErrorException: An unexpected error occurred. Status: MAX_WAYPOINTS_EXCEEDED, Message: Too many waypoints in the request (29). The maximum allowed waypoints for this request is 23, plus the origin, and destination.
	at com.google.maps.errors.ApiException.from(ApiException.java:70)
	at com.google.maps.DirectionsApi$Response.getError(DirectionsApi.java:69)
	at com.google.maps.internal.OkHttpPendingResult.parseResponse(OkHttpPendingResult.java:236)
	at com.google.maps.internal.OkHttpPendingResult.await(OkHttpPendingResult.java:152)
	at com.google.maps.PendingResultBase.await(PendingResultBase.java:56)
	at flota.service.utils.MapUtils.getDistantaTraseuCoordonate(MapUtils.java:238)
	at flota.service.model.ServiceDelegatii.calculeazaKmTeoretici(ServiceDelegatii.java:84)
	at flota.service.model.ServiceDelegatii.calculeazaKmSfarsitLuna(ServiceDelegatii.java:63)
	at flota.service.test.TestClass.main(TestClass.java:23)

24-Jan-2018 16:31:25 [main] ERROR flota.service.utils.MapUtils - getAdreseCoordonate -> com.google.maps.errors.OverQueryLimitException: You have exceeded your daily request quota for this API.
	at com.google.maps.errors.ApiException.from(ApiException.java:48)
	at com.google.maps.GeocodingApi$Response.getError(GeocodingApi.java:84)
	at com.google.maps.internal.OkHttpPendingResult.parseResponse(OkHttpPendingResult.java:236)
	at com.google.maps.internal.OkHttpPendingResult.await(OkHttpPendingResult.java:152)
	at com.google.maps.PendingResultBase.await(PendingResultBase.java:56)
	at flota.service.utils.MapUtils.getAdreseCoordonate(MapUtils.java:280)
	at flota.service.model.ServiceDelegatii.calculeazaKmTeoretici(ServiceDelegatii.java:81)
	at flota.service.model.ServiceDelegatii.calculeazaKmSfarsitLuna(ServiceDelegatii.java:63)
	at flota.service.test.TestClass.main(TestClass.java:23)
 , key = 26
24-Jan-2018 16:31:25 [main] ERROR flota.service.utils.MapUtils - getAdreseCoordonate -> com.google.maps.errors.OverQueryLimitException: You have exceeded your daily request quota for this API.
	at com.google.maps.errors.ApiException.from(ApiException.java:48)
	at com.google.maps.GeocodingApi$Response.getError(GeocodingApi.java:84)
	at com.google.maps.internal.OkHttpPendingResult.parseResponse(OkHttpPendingResult.java:236)
	at com.google.maps.internal.OkHttpPendingResult.await(OkHttpPendingResult.java:152)
	at com.google.maps.PendingResultBase.await(PendingResultBase.java:56)
	at flota.service.utils.MapUtils.getAdreseCoordonate(MapUtils.java:280)
	at flota.service.model.ServiceDelegatii.calculeazaKmTeoretici(ServiceDelegatii.java:81)
	at flota.service.model.ServiceDelegatii.calculeazaKmSfarsitLuna(ServiceDelegatii.java:63)
	at flota.service.test.TestClass.main(TestClass.java:23)
 , key = 26
24-Jan-2018 16:31:26 [main] ERROR flota.service.utils.MapUtils - getAdreseCoordonate -> com.google.maps.errors.OverQueryLimitException: You have exceeded your daily request quota for this API.
	at com.google.maps.errors.ApiException.from(ApiException.java:48)
	at com.google.maps.GeocodingApi$Response.getError(GeocodingApi.java:84)
	at com.google.maps.internal.OkHttpPendingResult.parseResponse(OkHttpPendingResult.java:236)
	at com.google.maps.internal.OkHttpPendingResult.await(OkHttpPendingResult.java:152)
	at com.google.maps.PendingResultBase.await(PendingResultBase.java:56)
	at flota.service.utils.MapUtils.getAdreseCoordonate(MapUtils.java:280)
	at flota.service.model.ServiceDelegatii.calculeazaKmTeoretici(ServiceDelegatii.java:81)
	at flota.service.model.ServiceDelegatii.calculeazaKmSfarsitLuna(ServiceDelegatii.java:63)
	at flota.service.test.TestClass.main(TestClass.java:23)
 , key = 26
24-Jan-2018 16:31:26 [main] ERROR flota.service.utils.MapUtils - getAdreseCoordonate -> com.google.maps.errors.OverQueryLimitException: You have exceeded your daily request quota for this API.
	at com.google.maps.errors.ApiException.from(ApiException.java:48)
	at com.google.maps.GeocodingApi$Response.getError(GeocodingApi.java:84)
	at com.google.maps.internal.OkHttpPendingResult.parseResponse(OkHttpPendingResult.java:236)
	at com.google.maps.internal.OkHttpPendingResult.await(OkHttpPendingResult.java:152)
	at com.google.maps.PendingResultBase.await(PendingResultBase.java:56)
	at flota.service.utils.MapUtils.getAdreseCoordonate(MapUtils.java:280)
	at flota.service.model.ServiceDelegatii.calculeazaKmTeoretici(ServiceDelegatii.java:81)
	at flota.service.model.ServiceDelegatii.calculeazaKmSfarsitLuna(ServiceDelegatii.java:63)
	at flota.service.test.TestClass.main(TestClass.java:23)
 , key = 26
24-Jan-2018 16:31:26 [main] ERROR flota.service.utils.MapUtils - getAdreseCoordonate -> com.google.maps.errors.OverQueryLimitException: You have exceeded your daily request quota for this API.
	at com.google.maps.errors.ApiException.from(ApiException.java:48)
	at com.google.maps.GeocodingApi$Response.getError(GeocodingApi.java:84)
	at com.google.maps.internal.OkHttpPendingResult.parseResponse(OkHttpPendingResult.java:236)
	at com.google.maps.internal.OkHttpPendingResult.await(OkHttpPendingResult.java:152)
	at com.google.maps.PendingResultBase.await(PendingResultBase.java:56)
	at flota.service.utils.MapUtils.getAdreseCoordonate(MapUtils.java:280)
	at flota.service.model.ServiceDelegatii.calculeazaKmTeoretici(ServiceDelegatii.java:81)
	at flota.service.model.ServiceDelegatii.calculeazaKmSfarsitLuna(ServiceDelegatii.java:63)
	at flota.service.test.TestClass.main(TestClass.java:23)
 , key = 26
24-Jan-2018 16:31:27 [main] ERROR flota.service.utils.MapUtils - getAdreseCoordonate -> com.google.maps.errors.OverQueryLimitException: You have exceeded your daily request quota for this API.
	at com.google.maps.errors.ApiException.from(ApiException.java:48)
	at com.google.maps.GeocodingApi$Response.getError(GeocodingApi.java:84)
	at com.google.maps.internal.OkHttpPendingResult.parseResponse(OkHttpPendingResult.java:236)
	at com.google.maps.internal.OkHttpPendingResult.await(OkHttpPendingResult.java:152)
	at com.google.maps.PendingResultBase.await(PendingResultBase.java:56)
	at flota.service.utils.MapUtils.getAdreseCoordonate(MapUtils.java:280)
	at flota.service.model.ServiceDelegatii.calculeazaKmTeoretici(ServiceDelegatii.java:81)
	at flota.service.model.ServiceDelegatii.calculeazaKmSfarsitLuna(ServiceDelegatii.java:63)
	at flota.service.test.TestClass.main(TestClass.java:23)
 , key = 26
24-Jan-2018 16:31:27 [main] ERROR flota.service.utils.MapUtils - getAdreseCoordonate -> com.google.maps.errors.OverQueryLimitException: You have exceeded your daily request quota for this API.
	at com.google.maps.errors.ApiException.from(ApiException.java:48)
	at com.google.maps.GeocodingApi$Response.getError(GeocodingApi.java:84)
	at com.google.maps.internal.OkHttpPendingResult.parseResponse(OkHttpPendingResult.java:236)
	at com.google.maps.internal.OkHttpPendingResult.await(OkHttpPendingResult.java:152)
	at com.google.maps.PendingResultBase.await(PendingResultBase.java:56)
	at flota.service.utils.MapUtils.getAdreseCoordonate(MapUtils.java:280)
	at flota.service.model.ServiceDelegatii.calculeazaKmTeoretici(ServiceDelegatii.java:81)
	at flota.service.model.ServiceDelegatii.calculeazaKmSfarsitLuna(ServiceDelegatii.java:63)
	at flota.service.test.TestClass.main(TestClass.java:23)
 , key = 26
29-Jan-2018 12:15:18 [main] ERROR flota.service.utils.MapUtils - getDistantaTraseuCoordonate -> com.google.maps.errors.UnknownErrorException: An unexpected error occurred. Status: MAX_WAYPOINTS_EXCEEDED, Message: Too many waypoints in the request (35). The maximum allowed waypoints for this request is 23, plus the origin, and destination.
	at com.google.maps.errors.ApiException.from(ApiException.java:70)
	at com.google.maps.DirectionsApi$Response.getError(DirectionsApi.java:69)
	at com.google.maps.internal.OkHttpPendingResult.parseResponse(OkHttpPendingResult.java:236)
	at com.google.maps.internal.OkHttpPendingResult.await(OkHttpPendingResult.java:152)
	at com.google.maps.PendingResultBase.await(PendingResultBase.java:56)
	at flota.service.utils.MapUtils.getDistantaTraseuCoordonate(MapUtils.java:238)
	at flota.service.model.OperatiiTraseu.recalculeazaTraseuTeoretic(OperatiiTraseu.java:290)
	at flota.service.model.OperatiiTraseu.actualizeazaSfarsitDelegatie(OperatiiTraseu.java:255)
	at flota.service.model.OperatiiTraseu.determinaSfarsitDelegatie(OperatiiTraseu.java:188)
	at flota.service.model.OperatiiDelegatii.recalculeazaDelegatie(OperatiiDelegatii.java:983)
	at flota.service.test.TestClass.main(TestClass.java:21)

08-Feb-2018 15:59:55 [main] ERROR flota.service.utils.MapUtils - getDistantaTraseuCoordonate -> com.google.maps.errors.UnknownErrorException: An unexpected error occurred. Status: MAX_WAYPOINTS_EXCEEDED, Message: Too many waypoints in the request (30). The maximum allowed waypoints for this request is 23, plus the origin, and destination.
	at com.google.maps.errors.ApiException.from(ApiException.java:70)
	at com.google.maps.DirectionsApi$Response.getError(DirectionsApi.java:69)
	at com.google.maps.internal.OkHttpPendingResult.parseResponse(OkHttpPendingResult.java:236)
	at com.google.maps.internal.OkHttpPendingResult.await(OkHttpPendingResult.java:152)
	at com.google.maps.PendingResultBase.await(PendingResultBase.java:56)
	at flota.service.utils.MapUtils.getDistantaTraseuCoordonate(MapUtils.java:238)
	at flota.service.model.ServiceDelegatii.calculeazaKmTeoretici(ServiceDelegatii.java:84)
	at flota.service.model.ServiceDelegatii.calculeazaKmSfarsitLuna(ServiceDelegatii.java:63)
	at flota.service.test.TestClass.main(TestClass.java:24)

08-Feb-2018 16:02:57 [main] ERROR flota.service.utils.MapUtils - getDistantaTraseuCoordonate -> com.google.maps.errors.UnknownErrorException: An unexpected error occurred. Status: MAX_WAYPOINTS_EXCEEDED, Message: Too many waypoints in the request (46). The maximum allowed waypoints for this request is 23, plus the origin, and destination.
	at com.google.maps.errors.ApiException.from(ApiException.java:70)
	at com.google.maps.DirectionsApi$Response.getError(DirectionsApi.java:69)
	at com.google.maps.internal.OkHttpPendingResult.parseResponse(OkHttpPendingResult.java:236)
	at com.google.maps.internal.OkHttpPendingResult.await(OkHttpPendingResult.java:152)
	at com.google.maps.PendingResultBase.await(PendingResultBase.java:56)
	at flota.service.utils.MapUtils.getDistantaTraseuCoordonate(MapUtils.java:238)
	at flota.service.model.ServiceDelegatii.calculeazaKmTeoretici(ServiceDelegatii.java:84)
	at flota.service.model.ServiceDelegatii.calculeazaKmSfarsitLuna(ServiceDelegatii.java:63)
	at flota.service.test.TestClass.main(TestClass.java:24)

08-Feb-2018 16:09:06 [main] ERROR flota.service.utils.MapUtils - getDistantaTraseuCoordonate -> com.google.maps.errors.UnknownErrorException: An unexpected error occurred. Status: MAX_WAYPOINTS_EXCEEDED, Message: Too many waypoints in the request (138). The maximum allowed waypoints for this request is 23, plus the origin, and destination.
	at com.google.maps.errors.ApiException.from(ApiException.java:70)
	at com.google.maps.DirectionsApi$Response.getError(DirectionsApi.java:69)
	at com.google.maps.internal.OkHttpPendingResult.parseResponse(OkHttpPendingResult.java:236)
	at com.google.maps.internal.OkHttpPendingResult.await(OkHttpPendingResult.java:152)
	at com.google.maps.PendingResultBase.await(PendingResultBase.java:56)
	at flota.service.utils.MapUtils.getDistantaTraseuCoordonate(MapUtils.java:238)
	at flota.service.model.ServiceDelegatii.calculeazaKmTeoretici(ServiceDelegatii.java:84)
	at flota.service.model.ServiceDelegatii.calculeazaKmSfarsitLuna(ServiceDelegatii.java:63)
	at flota.service.test.TestClass.main(TestClass.java:24)

08-Feb-2018 16:13:06 [main] ERROR flota.service.utils.MapUtils - getDistantaTraseuCoordonate -> com.google.maps.errors.UnknownErrorException: An unexpected error occurred. Status: MAX_WAYPOINTS_EXCEEDED, Message: Too many waypoints in the request (104). The maximum allowed waypoints for this request is 23, plus the origin, and destination.
	at com.google.maps.errors.ApiException.from(ApiException.java:70)
	at com.google.maps.DirectionsApi$Response.getError(DirectionsApi.java:69)
	at com.google.maps.internal.OkHttpPendingResult.parseResponse(OkHttpPendingResult.java:236)
	at com.google.maps.internal.OkHttpPendingResult.await(OkHttpPendingResult.java:152)
	at com.google.maps.PendingResultBase.await(PendingResultBase.java:56)
	at flota.service.utils.MapUtils.getDistantaTraseuCoordonate(MapUtils.java:238)
	at flota.service.model.ServiceDelegatii.calculeazaKmTeoretici(ServiceDelegatii.java:84)
	at flota.service.model.ServiceDelegatii.calculeazaKmSfarsitLuna(ServiceDelegatii.java:63)
	at flota.service.test.TestClass.main(TestClass.java:24)

12-Feb-2018 15:56:31 [main] ERROR flota.service.utils.MapUtils - getDistantaTraseuCoordonate -> com.google.maps.errors.UnknownErrorException: An unexpected error occurred. Status: MAX_WAYPOINTS_EXCEEDED, Message: Too many waypoints in the request (28). The maximum allowed waypoints for this request is 23, plus the origin, and destination.
	at com.google.maps.errors.ApiException.from(ApiException.java:70)
	at com.google.maps.DirectionsApi$Response.getError(DirectionsApi.java:69)
	at com.google.maps.internal.OkHttpPendingResult.parseResponse(OkHttpPendingResult.java:236)
	at com.google.maps.internal.OkHttpPendingResult.await(OkHttpPendingResult.java:152)
	at com.google.maps.PendingResultBase.await(PendingResultBase.java:56)
	at flota.service.utils.MapUtils.getDistantaTraseuCoordonate(MapUtils.java:238)
	at flota.service.model.OperatiiTraseu.recalculeazaTraseuTeoretic(OperatiiTraseu.java:290)
	at flota.service.model.OperatiiTraseu.actualizeazaSfarsitDelegatie(OperatiiTraseu.java:255)
	at flota.service.model.OperatiiTraseu.determinaSfarsitDelegatie(OperatiiTraseu.java:188)
	at flota.service.model.OperatiiDelegatii.recalculeazaDelegatie(OperatiiDelegatii.java:987)
	at flota.service.test.TestClass.main(TestClass.java:22)

